2025-07-30 20:34:42,636 INFO User login accessed
2025-07-30 20:36:19,079 INFO User creation accessed
2025-07-30 20:37:02,783 INFO User creation accessed
2025-07-30 20:37:55,205 INFO User creation accessed
2025-07-30 20:39:59,640 INFO User login accessed
2025-07-30 20:40:07,369 INFO User creation accessed
2025-07-30 20:40:48,570 INFO User creation accessed
2025-07-30 20:41:22,487 INFO User creation accessed
2025-07-30 20:43:04,406 INFO User creation accessed
2025-07-30 20:47:02,857 INFO User creation accessed
2025-07-30 20:48:22,087 INFO User creation accessed
2025-07-30 20:48:37,592 INFO User creation accessed
2025-07-30 20:48:52,946 INFO User creation accessed
2025-07-30 20:50:11,289 INFO User creation accessed
2025-07-30 20:50:29,255 INFO User creation accessed
2025-07-30 20:50:30,651 INFO User creation accessed
2025-07-30 20:50:31,125 INFO User creation accessed
2025-07-30 20:50:31,342 INFO User creation accessed
2025-07-30 20:50:31,486 INFO User creation accessed
2025-07-30 20:52:00,486 INFO User creation accessed
2025-07-30 20:52:31,864 INFO User creation accessed
2025-07-30 21:01:05,631 INFO User login accessed
2025-07-30 21:01:07,981 INFO User creation accessed
2025-07-30 21:01:43,688 INFO User creation accessed
2025-07-30 21:02:10,035 INFO User creation accessed
2025-07-30 21:02:12,408 INFO User creation accessed
2025-07-30 21:02:15,298 INFO User creation accessed
2025-07-30 21:02:48,356 INFO User creation accessed
2025-07-30 21:07:44,688 INFO User creation accessed
2025-07-30 21:09:25,853 INFO User creation accessed
2025-07-30 21:09:26,554 INFO User creation accessed
2025-07-30 21:09:27,077 INFO User creation accessed
2025-07-30 21:09:27,302 INFO User creation accessed
2025-07-30 21:09:27,442 INFO User creation accessed
2025-07-30 21:09:47,400 INFO User creation accessed
2025-07-30 21:11:33,645 INFO User creation accessed
2025-07-30 21:14:40,712 INFO User creation accessed
2025-07-30 21:15:21,153 INFO User creation accessed
2025-07-30 21:16:46,836 INFO User creation accessed
2025-07-30 21:17:23,692 INFO User creation accessed
2025-07-30 21:17:23,852 INFO User login accessed
2025-07-30 21:17:33,405 INFO User login accessed
2025-07-30 21:25:13,081 INFO User creation accessed
2025-07-30 21:25:46,303 INFO User creation accessed
2025-07-30 21:25:46,465 INFO User login accessed
2025-07-30 21:25:48,864 INFO User login accessed
2025-07-30 21:25:57,137 INFO User login accessed
2025-07-30 21:36:51,712 INFO User creation accessed
2025-07-30 21:37:24,533 INFO User creation accessed
2025-07-30 21:37:33,105 INFO User login accessed
2025-07-30 21:37:40,315 INFO User login accessed
2025-07-30 21:39:37,764 INFO User login accessed
2025-07-30 21:39:47,652 INFO User login accessed
2025-07-30 21:39:55,670 INFO view profile
2025-07-30 21:42:19,415 INFO User login accessed
2025-07-30 21:43:09,729 INFO User login accessed
2025-07-30 21:43:21,040 INFO User login accessed
2025-07-30 21:43:27,484 INFO view profile
2025-07-30 21:52:15,209 INFO User login accessed
2025-07-30 21:52:24,753 INFO User login accessed
2025-07-30 21:52:33,835 INFO view profile
2025-07-30 21:56:25,955 INFO view profile
2025-07-30 21:57:01,961 INFO view profile
2025-07-30 22:00:30,157 INFO view profile
2025-07-30 22:00:34,803 INFO User login accessed
2025-07-30 22:00:41,921 INFO User login accessed
2025-07-30 22:00:43,897 INFO view profile
2025-07-30 22:00:48,712 INFO User login accessed
2025-07-30 22:00:58,165 INFO User login accessed
2025-07-30 22:01:12,285 INFO view profile
2025-07-30 22:01:16,583 INFO User login accessed
2025-07-30 22:01:24,147 INFO User login accessed
2025-07-30 22:01:33,885 INFO view profile
2025-07-30 22:01:48,938 INFO User login accessed
2025-07-30 22:02:02,762 INFO User login accessed
2025-07-30 22:02:09,244 INFO User login accessed
2025-07-30 22:02:22,843 INFO view profile
2025-07-30 22:03:53,520 INFO view profile
2025-07-30 22:03:57,869 INFO User login accessed
2025-07-30 22:04:06,968 INFO User login accessed
2025-07-30 22:04:25,914 INFO User login accessed
2025-07-30 22:04:34,555 INFO User login accessed
2025-07-30 22:04:37,530 INFO view profile
2025-07-30 22:04:40,023 INFO User login accessed
2025-07-30 22:04:47,835 INFO User login accessed
2025-07-30 22:08:11,476 INFO User login accessed
2025-07-30 22:08:17,298 INFO User login accessed
2025-07-30 22:10:27,411 INFO User login accessed
2025-07-30 22:17:48,653 INFO User login accessed
2025-07-30 22:17:53,730 INFO User login accessed
2025-07-31 11:40:54,037 INFO User login accessed
2025-07-31 11:46:10,427 INFO User login accessed
2025-07-31 11:47:58,164 INFO User login accessed
2025-07-31 11:48:03,698 INFO User login accessed
2025-07-31 11:48:06,221 INFO User creation accessed
2025-07-31 11:48:48,604 INFO User creation accessed
2025-07-31 11:49:07,919 INFO User creation accessed
2025-07-31 11:49:27,643 INFO User creation accessed
2025-07-31 11:50:36,874 INFO User login accessed
2025-07-31 14:33:11,111 INFO User creation accessed
2025-07-31 14:33:52,862 INFO User creation accessed
2025-07-31 14:35:33,518 INFO User creation accessed
2025-07-31 14:35:57,642 INFO User creation accessed
2025-07-31 14:36:19,289 INFO User creation accessed
2025-07-31 14:36:19,446 INFO User login accessed
2025-07-31 14:36:30,999 INFO User login accessed
2025-07-31 14:52:46,988 INFO User login accessed
2025-07-31 14:52:53,674 INFO User login accessed
2025-07-31 14:57:42,045 INFO User login accessed
2025-07-31 14:57:52,095 INFO User creation accessed
2025-07-31 14:58:10,633 INFO User creation accessed
2025-07-31 14:58:10,862 INFO User login accessed
2025-07-31 15:44:25,759 INFO User login accessed
2025-07-31 15:44:32,167 INFO User login accessed
2025-07-31 15:45:09,684 INFO User testuser accessing user search
2025-07-31 15:46:34,077 INFO User testuser accessing user search
2025-07-31 15:47:04,096 INFO view profile
2025-07-31 15:48:51,753 INFO User testuser accessing user search
2025-07-31 15:48:55,996 INFO User testuser accessing user search
2025-07-31 15:48:57,902 INFO User testuser accessing user search
2025-07-31 15:49:01,570 INFO view profile
2025-07-31 15:49:09,267 INFO User testuser accessing user search
2025-07-31 15:49:10,709 INFO User testuser accessing user search
2025-07-31 15:51:29,989 INFO User testuser accessing user search
2025-07-31 15:51:33,473 INFO User testuser accessing user search
2025-07-31 15:52:13,098 INFO User testuser viewing friend requests
2025-07-31 16:05:05,020 INFO User testuser viewing friend requests
2025-07-31 16:05:10,516 INFO User testuser accessing user search
2025-07-31 16:05:20,275 INFO User testuser accessing user search
2025-07-31 16:08:44,614 INFO User testuser viewing messages overview
2025-07-31 16:12:58,000 INFO User testuser accessing user search
2025-07-31 16:13:02,006 INFO User testuser accessing user search
2025-07-31 16:13:10,308 INFO User testuser accessing user search
2025-07-31 16:13:20,700 INFO User testuser viewing messages overview
2025-08-01 07:01:05,135 INFO view profile
2025-08-01 07:01:09,910 INFO User testuser accessing user search
2025-08-01 07:01:12,338 INFO User testuser accessing user search
2025-08-01 07:10:05,083 INFO User testuser accessing user search
2025-08-01 07:10:08,352 INFO User testuser accessing user search
2025-08-01 07:10:36,486 INFO User testuser accessing user search
2025-08-01 07:10:38,125 INFO User testuser accessing user search
2025-08-01 07:11:02,039 INFO User testuser viewing friends list
2025-08-01 07:17:56,727 INFO User testuser accessing user search
2025-08-01 07:17:59,805 INFO User testuser accessing user search
2025-08-01 07:18:49,755 INFO User testuser accessing user search
2025-08-01 07:18:51,581 INFO User testuser accessing user search
2025-08-01 07:20:54,929 INFO User testuser accessing user search
2025-08-01 07:20:58,896 INFO User testuser accessing user search
2025-08-01 07:21:00,515 INFO User testuser sending friend request to 689af6ca-6d15-4e2a-a359-7438fe3b7edb
2025-08-01 07:21:00,527 ERROR Failed to send friend request: (pymysql.err.OperationalError) (1364, "Field 'ID' doesn't have a default value")
[SQL: INSERT INTO `FRIEND_REQ` (`SENDER_ID`, `RECV_ID`, `STATUS`, `CREATED_AT`) VALUES (%(SENDER_ID)s, %(RECV_ID)s, %(STATUS)s, %(CREATED_AT)s)]
[parameters: {'SENDER_ID': '8454ca9b-2dce-430c-bf79-8fcddaa4ff5f', 'RECV_ID': '689af6ca-6d15-4e2a-a359-7438fe3b7edb', 'STATUS': 'pending', 'CREATED_AT': datetime.datetime(2025, 7, 31, 23, 21, 0, 523969)}]
(Background on this error at: https://sqlalche.me/e/20/e3q8)
2025-08-01 07:21:00,556 INFO User testuser accessing user search
2025-08-01 07:21:38,236 INFO User testuser viewing friend requests
2025-08-01 07:23:55,230 INFO User testuser viewing friends list
2025-08-01 07:23:59,753 INFO User testuser viewing friends list
2025-08-01 07:24:57,389 INFO User testuser viewing friends list
2025-08-01 07:25:09,037 INFO User testuser viewing friend requests
2025-08-01 07:25:15,006 INFO User testuser accessing user search
2025-08-01 07:25:18,194 INFO User testuser viewing friends list
2025-08-01 07:28:25,939 INFO User testuser accessing user search
2025-08-01 07:28:30,053 INFO User testuser accessing user search
2025-08-01 07:28:31,490 INFO User testuser sending friend request to 689af6ca-6d15-4e2a-a359-7438fe3b7edb
2025-08-01 07:28:31,545 INFO User testuser accessing user search
2025-08-01 07:28:38,945 INFO User testuser viewing friend requests
2025-08-01 07:29:20,415 INFO User login accessed
2025-08-01 07:29:30,895 INFO User login accessed
2025-08-01 07:29:45,003 INFO User testuser2 viewing friend requests
2025-08-01 07:31:17,660 INFO User testuser2 viewing friend requests
2025-08-01 07:31:25,755 INFO User testuser2 accessing user search
2025-08-01 07:31:28,717 INFO User testuser2 accessing user search
2025-08-01 07:31:30,493 INFO User testuser2 sending friend request to 8454ca9b-2dce-430c-bf79-8fcddaa4ff5f
2025-08-01 07:31:30,529 INFO User testuser2 accessing user search
2025-08-01 07:31:36,560 INFO User login accessed
2025-08-01 07:31:43,416 INFO User login accessed
2025-08-01 07:31:47,480 INFO User testuser viewing friend requests
2025-08-01 07:31:50,211 INFO User testuser viewing friend requests
2025-08-01 07:31:58,413 INFO User testuser accessing user search
2025-08-01 07:32:00,957 INFO User testuser accessing user search
2025-08-01 07:32:02,485 INFO User testuser sending friend request to 689af6ca-6d15-4e2a-a359-7438fe3b7edb
2025-08-01 07:32:02,516 INFO User testuser accessing user search
2025-08-01 07:32:18,511 INFO User testuser viewing friend requests
2025-08-01 07:32:21,418 INFO User testuser2 accessing user search
2025-08-01 07:34:35,170 INFO User testuser2 viewing friends list
2025-08-01 07:34:44,171 INFO User testuser2 viewing friend requests
2025-08-01 07:35:02,352 INFO User testuser2 accessing user search
2025-08-01 07:35:04,654 INFO User testuser2 accessing user search
2025-08-01 07:35:06,096 INFO User testuser2 sending friend request to 8454ca9b-2dce-430c-bf79-8fcddaa4ff5f
2025-08-01 07:35:06,139 INFO User testuser2 accessing user search
2025-08-01 07:38:14,078 INFO User testuser2 accessing user search
2025-08-01 07:38:16,838 INFO User testuser2 accessing user search
2025-08-01 07:38:18,323 INFO User testuser2 sending friend request to 8454ca9b-2dce-430c-bf79-8fcddaa4ff5f
2025-08-01 07:38:18,366 INFO User testuser2 accessing user search
2025-08-01 07:38:33,141 INFO User testuser viewing friend requests
2025-08-01 07:38:36,429 INFO User testuser viewing friend requests
2025-08-01 07:38:38,109 INFO User testuser viewing friend requests
2025-08-01 07:38:42,348 INFO view profile
2025-08-01 07:38:45,286 INFO view profile
2025-08-01 07:38:55,033 INFO User testuser viewing friends list
2025-08-01 07:39:04,571 INFO User testuser accessing user search
2025-08-01 07:39:07,697 INFO User testuser accessing user search
2025-08-01 07:39:09,063 INFO User testuser sending friend request to 689af6ca-6d15-4e2a-a359-7438fe3b7edb
2025-08-01 07:39:09,099 INFO User testuser accessing user search
2025-08-01 07:40:14,329 INFO User testuser2 accessing user search
2025-08-01 07:40:17,206 INFO User testuser2 accessing user search
2025-08-01 07:40:18,387 INFO User testuser2 sending friend request to 8454ca9b-2dce-430c-bf79-8fcddaa4ff5f
2025-08-01 07:40:18,417 INFO User testuser2 accessing user search
2025-08-01 07:40:28,898 INFO User testuser viewing friend requests
2025-08-01 07:41:47,178 INFO User login accessed
2025-08-01 07:41:56,450 INFO User login accessed
2025-08-01 07:41:56,479 INFO User login accessed
2025-08-01 07:42:00,502 INFO User login accessed
2025-08-01 07:42:06,649 INFO User creation accessed
2025-08-01 07:42:37,322 INFO User creation accessed
2025-08-01 07:42:37,760 INFO User login accessed
2025-08-01 07:42:41,156 INFO User creation accessed
2025-08-01 07:43:03,677 INFO User creation accessed
2025-08-01 07:43:13,653 INFO User creation accessed
2025-08-01 07:43:14,012 INFO User login accessed
2025-08-01 07:43:21,318 INFO User login accessed
2025-08-01 07:43:33,889 INFO User login accessed
2025-08-01 07:43:43,724 INFO User login accessed
2025-08-01 07:43:56,338 INFO User dennis accessing user search
2025-08-01 07:44:01,222 INFO User dennis accessing user search
2025-08-01 07:44:02,406 INFO User dennis sending friend request to 213a4383-8fd8-4c44-b89c-bb1a30c831f7
2025-08-01 07:44:02,453 INFO User dennis accessing user search
2025-08-01 07:44:27,542 INFO User testuser viewing friend requests
2025-08-01 07:44:55,369 INFO User dennis accessing user search
2025-08-01 07:44:57,023 INFO User testuser responding to friend request 1 with reject
2025-08-01 07:44:57,073 INFO User testuser viewing friend requests
2025-08-01 07:45:00,092 INFO User dennis accessing user search
2025-08-01 07:45:01,068 INFO User dennis sending friend request to 213a4383-8fd8-4c44-b89c-bb1a30c831f7
2025-08-01 07:45:01,116 INFO User dennis accessing user search
2025-08-01 07:45:02,210 INFO User testuser viewing friend requests
2025-08-01 07:45:03,944 INFO User testuser responding to friend request 2 with reject
2025-08-01 07:45:03,987 INFO User testuser viewing friend requests
2025-08-01 07:45:29,253 INFO User dennis accessing user search
2025-08-01 07:45:32,378 INFO User dennis sending friend request to 213a4383-8fd8-4c44-b89c-bb1a30c831f7
2025-08-01 07:45:32,433 INFO User dennis accessing user search
2025-08-01 07:45:36,498 INFO User testuser viewing friend requests
2025-08-01 07:45:38,666 INFO User testuser responding to friend request 3 with accept
2025-08-01 07:45:38,702 INFO User testuser viewing friend requests
2025-08-01 07:49:13,355 INFO User dennis viewing friends list
2025-08-01 07:49:24,262 INFO User testuser viewing friends list
2025-08-01 07:52:06,909 INFO User dennis viewing friends list
2025-08-01 07:52:16,805 INFO User dennis accessing user search
2025-08-01 07:52:19,995 INFO User dennis accessing user search
2025-08-01 07:52:22,130 INFO User dennis chatting with 213a4383-8fd8-4c44-b89c-bb1a30c831f7
2025-08-01 07:52:25,659 INFO User dennis accessing user search
2025-08-01 07:52:29,590 INFO User dennis viewing friends list
2025-08-01 07:53:24,480 INFO User dennis viewing friends list
2025-08-01 07:53:27,423 INFO User dennis chatting with 213a4383-8fd8-4c44-b89c-bb1a30c831f7
2025-08-01 07:53:30,856 INFO User dennis chatting with 213a4383-8fd8-4c44-b89c-bb1a30c831f7
2025-08-01 07:53:43,816 INFO User testuser viewing friends list
2025-08-01 07:53:45,295 INFO User testuser chatting with f3fde55f-8e65-4da2-85c5-72eb51e3a964
2025-08-01 07:53:51,227 INFO User testuser chatting with f3fde55f-8e65-4da2-85c5-72eb51e3a964
2025-08-01 07:54:00,697 INFO User dennis chatting with 213a4383-8fd8-4c44-b89c-bb1a30c831f7
2025-08-01 07:54:09,096 INFO User dennis chatting with 213a4383-8fd8-4c44-b89c-bb1a30c831f7
2025-08-01 07:54:14,080 INFO User testuser chatting with f3fde55f-8e65-4da2-85c5-72eb51e3a964
2025-08-01 07:57:23,350 INFO User dennis chatting with 213a4383-8fd8-4c44-b89c-bb1a30c831f7
2025-08-01 07:57:24,465 INFO User testuser chatting with f3fde55f-8e65-4da2-85c5-72eb51e3a964
2025-08-01 07:57:49,554 INFO User dennis chatting with 213a4383-8fd8-4c44-b89c-bb1a30c831f7
2025-08-01 07:57:50,628 INFO User dennis chatting with 213a4383-8fd8-4c44-b89c-bb1a30c831f7
2025-08-01 07:57:51,386 INFO User dennis viewing friends list
2025-08-01 07:57:51,790 INFO User dennis accessing user search
2025-08-01 07:57:53,202 INFO User dennis accessing user search
2025-08-01 07:57:54,953 INFO User dennis chatting with 213a4383-8fd8-4c44-b89c-bb1a30c831f7
2025-08-01 07:58:32,475 INFO User dennis chatting with 213a4383-8fd8-4c44-b89c-bb1a30c831f7
2025-08-01 07:58:33,687 INFO User testuser chatting with f3fde55f-8e65-4da2-85c5-72eb51e3a964
2025-08-01 08:00:44,423 INFO User testuser viewing friends list
2025-08-01 08:00:46,257 INFO User testuser chatting with f3fde55f-8e65-4da2-85c5-72eb51e3a964
2025-08-01 08:04:25,107 INFO view profile
2025-08-01 08:04:36,414 INFO User dennis viewing friends list
2025-08-01 08:04:41,306 INFO view profile
2025-08-01 08:04:43,548 INFO User dennis chatting with 213a4383-8fd8-4c44-b89c-bb1a30c831f7
2025-08-01 08:05:14,660 INFO User login accessed
2025-08-01 08:05:22,109 INFO User creation accessed
2025-08-01 08:06:05,099 INFO User creation accessed
2025-08-01 08:06:24,922 INFO User creation accessed
2025-08-01 08:06:48,860 INFO User creation accessed
2025-08-01 08:06:49,186 INFO User login accessed
2025-08-01 08:06:56,861 INFO User login accessed
2025-08-01 08:07:02,372 INFO User login accessed
2025-08-01 08:07:13,107 INFO User jeroy accessing user search
2025-08-01 08:07:17,586 INFO User jeroy accessing user search
2025-08-01 08:07:21,053 INFO User jeroy accessing user search
2025-08-01 08:08:33,223 INFO User jeroy sending friend request to f3fde55f-8e65-4da2-85c5-72eb51e3a964
2025-08-01 08:08:33,272 INFO User jeroy accessing user search
2025-08-01 08:08:38,372 INFO User jeroy viewing friends list
2025-08-01 08:08:51,238 INFO User testuser viewing friends list
2025-08-01 08:08:58,418 INFO User dennis viewing friends list
2025-08-01 08:09:08,079 INFO User testuser viewing friend requests
2025-08-01 08:09:12,457 INFO User dennis viewing friend requests
2025-08-01 08:09:14,626 INFO User dennis responding to friend request 4 with accept
2025-08-01 08:09:14,662 INFO User dennis viewing friend requests
2025-08-01 08:09:18,630 INFO User dennis viewing friend requests
2025-08-01 08:09:21,493 INFO User dennis viewing friends list
2025-08-01 08:09:24,587 INFO User testuser viewing friends list
2025-08-01 08:09:26,591 INFO User jeroy viewing friends list
2025-08-01 08:09:38,852 INFO User jeroy viewing friend requests
2025-08-01 08:09:45,576 INFO User jeroy accessing user search
2025-08-01 08:09:48,402 INFO User jeroy accessing user search
2025-08-01 08:09:52,229 INFO User jeroy accessing user search
2025-08-01 08:10:01,793 INFO User jeroy chatting with f3fde55f-8e65-4da2-85c5-72eb51e3a964
2025-08-01 08:10:11,088 INFO User testuser viewing friends list
2025-08-01 08:10:13,800 INFO User testuser chatting with f3fde55f-8e65-4da2-85c5-72eb51e3a964
2025-08-01 08:10:17,737 INFO User dennis chatting with 213a4383-8fd8-4c44-b89c-bb1a30c831f7
2025-08-01 08:10:19,251 INFO User dennis chatting with 421c792a-9322-49aa-88bb-2abca20e71f5
2025-08-01 08:13:30,440 INFO User testuser viewing friends list
2025-08-01 08:13:32,202 INFO User testuser chatting with f3fde55f-8e65-4da2-85c5-72eb51e3a964
2025-08-01 08:14:12,314 INFO User testuser viewing friends list
2025-08-01 08:16:28,700 INFO User testuser viewing friends list
2025-08-01 08:16:30,273 INFO User testuser chatting with f3fde55f-8e65-4da2-85c5-72eb51e3a964
2025-08-01 08:23:39,926 INFO view profile
2025-08-01 08:24:24,056 INFO User testuser accessing user search
2025-08-01 08:33:42,398 INFO User testuser accessing user search
2025-08-01 08:33:46,128 INFO User testuser viewing friends list
2025-08-01 08:33:47,919 INFO User testuser chatting with f3fde55f-8e65-4da2-85c5-72eb51e3a964
2025-08-01 08:34:07,193 INFO User login accessed
2025-08-01 08:34:15,706 INFO User login accessed
2025-08-01 08:34:34,304 INFO User dennis viewing friends list
2025-08-01 08:34:36,708 INFO User dennis chatting with 421c792a-9322-49aa-88bb-2abca20e71f5
2025-08-01 08:34:39,668 INFO User dennis chatting with 213a4383-8fd8-4c44-b89c-bb1a30c831f7
